<?xml version="1.0" encoding="UTF-8"?>
<!-- Generated by org.testng.reporters.JUnitReportReporter -->
<testsuite hostname="LAPTOP-CMFMPBMS" name="com.test.com.test.Secondclass" tests="2" failures="0" timestamp="13 Oct 2019 13:22:14 GMT" time="5.449" errors="0">
  <testcase name="fg" time="0.007" classname="com.test.com.test.Secondclass"/>
  <testcase name="getTitle" time="5.442" classname="com.test.com.test.Secondclass"/>
</testsuite> <!-- com.test.com.test.Secondclass -->
