<?xml version="1.0" encoding="UTF-8"?>
<!-- Generated by org.testng.reporters.JUnitReportReporter -->
<testsuite hostname="LAPTOP-CMFMPBMS" name="com.test.com.test.Second_class" tests="2" failures="0" timestamp="13 Oct 2019 13:14:50 GMT" time="5.801" errors="0">
  <testcase name="fg" time="0.008" classname="com.test.com.test.Second_class"/>
  <testcase name="sss" time="5.793" classname="com.test.com.test.Second_class"/>
</testsuite> <!-- com.test.com.test.Second_class -->
