<?xml version="1.0" encoding="UTF-8"?>
<!-- Generated by org.testng.reporters.JUnitReportReporter -->
<testsuite hostname="LAPTOP-CMFMPBMS" name="com.test.com.test.First_class" tests="1" failures="0" timestamp="13 May 2021 12:51:12 GMT" time="0.013" errors="0">
  <testcase name="fg" time="0.013" classname="com.test.com.test.First_class"/>
</testsuite> <!-- com.test.com.test.First_class -->
